<?xml version="1.0" encoding="utf-8"?><testsuites name="pytest tests"><testsuite name="pytest" errors="0" failures="2" skipped="0" tests="23" time="1.899" timestamp="2026-08-31T00:12:20.706954+00:00" hostname="agent-env-19384f6f-f003-4a2d-aafc-50413a52d10d"><testcase classname="tests.backend_test.TestAuth" name="test_admin_login_returns_token_in_body" time="0.345" /><testcase classname="tests.backend_test.TestProtected" name="test_usage" time="0.405" /><testcase classname="tests.backend_test.TestAuth" name="test_admin_login_bad_password" time="0.127" /><testcase classname="tests.backend_test.TestProtected" name="test_referrals_me" time="0.142"><failure message="AssertionError: assert False&#10; +  where False = &lt;built-in method startswith of str object at 0xfe4e714f6230&gt;('https://roteira.netlify.app')&#10; +    where &lt;built-in method startswith of str object at 0xfe4e714f6230&gt; = 'https://content-maker-156.cluster-3.preview.emergentcf.cloud/login?ref=DE4CCA'.startswith">tests/backend_test.py:169: in test_referrals_me
    assert d["share_url"].startswith(EXT_ORIGIN)
E   AssertionError: assert False
E    +  where False = &lt;built-in method startswith of str object at 0xfe4e714f6230&gt;('https://roteira.netlify.app')
E    +    where &lt;built-in method startswith of str object at 0xfe4e714f6230&gt; = 'https://content-maker-156.cluster-3.preview.emergentcf.cloud/login?ref=DE4CCA'.startswith</failure></testcase><testcase classname="tests.backend_test.TestProtected" name="test_admin_stats" time="0.215" /><testcase classname="tests.backend_test.TestAuth" name="test_me_with_bearer_no_cookie" time="0.272" /><testcase classname="tests.backend_test.TestAuth" name="test_me_without_token_401" time="0.139" /><testcase classname="tests.backend_test.TestProtected" name="test_admin_stats_requires_auth" time="0.140" /><testcase classname="tests.backend_test.TestAuth" name="test_me_with_invalid_bearer_401" time="0.166" /><testcase classname="tests.backend_test.TestProtected" name="test_scripts_list" time="0.102" /><testcase classname="tests.backend_test.TestCORS" name="test_preflight[/api/auth/session-POST]" time="0.075" /><testcase classname="tests.backend_test.TestAuth" name="test_session_missing_session_id" time="0.111" /><testcase classname="tests.backend_test.TestCORS" name="test_preflight[/api/auth/admin-login-POST]" time="0.088" /><testcase classname="tests.backend_test.TestAuth" name="test_session_invalid_session_id" time="0.245" /><testcase classname="tests.backend_test.TestCORS" name="test_preflight[/api/auth/me-GET]" time="0.092" /><testcase classname="tests.backend_test.TestCORS" name="test_actual_request_cors_header" time="0.062"><failure message="AssertionError: Invalid combo: ACAO='*' with Allow-Credentials=true&#10;assert 'true' != 'true'&#10; +  where 'true' = get('access-control-allow-credentials')&#10; +    where get = {'Date': 'Mon, 31 Aug 2026 00:12:22 GMT', 'Content-Type': 'application/json', 'Transfer-Encoding': 'chunked', 'Connection': 'keep-alive', 'CF-Ray': 'a337d2bf2b9faa25-ORD', 'CF-Cache-Status': 'DYNAMIC', 'Access-Control-Allow-Origin': '*', 'Cache-Control': 'no-store, no-cache, must-revalidate', 'Server': 'cloudflare', 'Vary': 'Origin', 'Via': '1.1 google', 'Access-Control-Allow-Headers': '*', 'Access-Control-Allow-Methods': 'GET, POST, PUT, DELETE, OPTIONS, HEAD, PATCH', 'Access-Control-Max-Age': '300', 'access-control-allow-credentials': 'true', 'access-control-expose-headers': '*', 'X-Robots-Tag': 'noindex, nofollow', 'Content-Encoding': 'gzip'}.get&#10; +      where {'Date': 'Mon, 31 Aug 2026 00:12:22 GMT', 'Content-Type': 'application/json', 'Transfer-Encoding': 'chunked', 'Connection': 'keep-alive', 'CF-Ray': 'a337d2bf2b9faa25-ORD', 'CF-Cache-Status': 'DYNAMIC', 'Access-Control-Allow-Origin': '*', 'Cache-Control': 'no-store, no-cache, must-revalidate', 'Server': 'cloudflare', 'Vary': 'Origin', 'Via': '1.1 google', 'Access-Control-Allow-Headers': '*', 'Access-Control-Allow-Methods': 'GET, POST, PUT, DELETE, OPTIONS, HEAD, PATCH', 'Access-Control-Max-Age': '300', 'access-control-allow-credentials': 'true', 'access-control-expose-headers': '*', 'X-Robots-Tag': 'noindex, nofollow', 'Content-Encoding': 'gzip'} = &lt;Response [200]&gt;.headers">tests/backend_test.py:96: in test_actual_request_cors_header
    assert r.headers.get("access-control-allow-credentials") != "true", \
E   AssertionError: Invalid combo: ACAO='*' with Allow-Credentials=true
E   assert 'true' != 'true'
E    +  where 'true' = get('access-control-allow-credentials')
E    +    where get = {'Date': 'Mon, 31 Aug 2026 00:12:22 GMT', 'Content-Type': 'application/json', 'Transfer-Encoding': 'chunked', 'Connection': 'keep-alive', 'CF-Ray': 'a337d2bf2b9faa25-ORD', 'CF-Cache-Status': 'DYNAMIC', 'Access-Control-Allow-Origin': '*', 'Cache-Control': 'no-store, no-cache, must-revalidate', 'Server': 'cloudflare', 'Vary': 'Origin', 'Via': '1.1 google', 'Access-Control-Allow-Headers': '*', 'Access-Control-Allow-Methods': 'GET, POST, PUT, DELETE, OPTIONS, HEAD, PATCH', 'Access-Control-Max-Age': '300', 'access-control-allow-credentials': 'true', 'access-control-expose-headers': '*', 'X-Robots-Tag': 'noindex, nofollow', 'Content-Encoding': 'gzip'}.get
E    +      where {'Date': 'Mon, 31 Aug 2026 00:12:22 GMT', 'Content-Type': 'application/json', 'Transfer-Encoding': 'chunked', 'Connection': 'keep-alive', 'CF-Ray': 'a337d2bf2b9faa25-ORD', 'CF-Cache-Status': 'DYNAMIC', 'Access-Control-Allow-Origin': '*', 'Cache-Control': 'no-store, no-cache, must-revalidate', 'Server': 'cloudflare', 'Vary': 'Origin', 'Via': '1.1 google', 'Access-Control-Allow-Headers': '*', 'Access-Control-Allow-Methods': 'GET, POST, PUT, DELETE, OPTIONS, HEAD, PATCH', 'Access-Control-Max-Age': '300', 'access-control-allow-credentials': 'true', 'access-control-expose-headers': '*', 'X-Robots-Tag': 'noindex, nofollow', 'Content-Encoding': 'gzip'} = &lt;Response [200]&gt;.headers</failure></testcase><testcase classname="tests.backend_test.TestNetlifyConfig" name="test_redirects_file" time="0.000" /><testcase classname="tests.backend_test.TestNetlifyConfig" name="test_netlify_toml" time="0.000" /><testcase classname="tests.backend_test.TestFrontendSource" name="test_axios_without_credentials" time="0.000" /><testcase classname="tests.backend_test.TestFrontendSource" name="test_login_uses_window_origin" time="0.000" /><testcase classname="tests.backend_test.TestPublic" name="test_root" time="0.050" /><testcase classname="tests.backend_test.TestPublic" name="test_config" time="0.058" /><testcase classname="tests.backend_test.TestPublic" name="test_public_stats" time="0.056" /></testsuite></testsuites>